Success (1):
content 57846 _a-0000e3b5-2b49-8000-9ba4-011c48011c48_683095 "GV_TestTest"

Referenced precedents that were not exported (1):
content 37038 _a-0000e337-c405-8000-9ba2-011c48011c48_382999

Trace:
2020-01-23 15:59:48.172 DEBUG content 57846 _a-0000e3b5-2b49-8000-9ba4-011c48011c48_683095 Begin transport.
2020-01-23 15:59:48.172 DEBUG content 57846 _a-0000e3b5-2b49-8000-9ba4-011c48011c48_683095 Retrieving object data.
2020-01-23 15:59:48.182 DEBUG content 57846 _a-0000e3b5-2b49-8000-9ba4-011c48011c48_683095 Setting uuids of object references.
2020-01-23 15:59:48.182 DEBUG content 57846 _a-0000e3b5-2b49-8000-9ba4-011c48011c48_683095 Processing reference: [Content:id=57846,versionId=-1,name=GV_TestTest,type=32,subtype=1,uuid=_a-0000e3b5-2b49-8000-9ba4-011c48011c48_683095,parent=37038]
2020-01-23 15:59:48.182 DEBUG content 57846 _a-0000e3b5-2b49-8000-9ba4-011c48011c48_683095 Processing reference: FreeformRule.forum
2020-01-23 15:59:48.183 DEBUG content 57846 _a-0000e3b5-2b49-8000-9ba4-011c48011c48_683095 Processing reference: FreeformRule.parent
2020-01-23 15:59:48.186 DEBUG content 57846 _a-0000e3b5-2b49-8000-9ba4-011c48011c48_683095 Processing reference: com.appiancorp.suiteapi.content.ContentRoleMap@5da0ac45[
  ContentRole[name=readers,inherit=true,allowForAll=false]
  ContentRole[name=authors,inherit=true,allowForAll=false]
  ContentRole[name=administrators,inherit=true,allowForAll=false]
  ContentRole[name=denyReaders,inherit=false,allowForAll=false]
  ContentRole[name=denyAuthors,inherit=false,allowForAll=false]
  ContentRole[name=denyAdministrators,inherit=false,allowForAll=false]
  securityVector=15:SEC_PUBLIC=true,SEC_CREATOR_ADMIN=false,SEC_INH_ADMIN=true,SEC_INH_EDITOR=true,SEC_INH_VIEWER=true,SEC_ALL_ADMIN=false,SEC_ALL_EDITOR=false,SEC_ALL_VIEWER=false
]
2020-01-23 15:59:48.186 DEBUG content 57846 _a-0000e3b5-2b49-8000-9ba4-011c48011c48_683095 Processing reference: ContentRole[name=readers,inherit=true,allowForAll=false]
2020-01-23 15:59:48.186 DEBUG content 57846 _a-0000e3b5-2b49-8000-9ba4-011c48011c48_683095 Processing reference: ContentRole[name=authors,inherit=true,allowForAll=false]
2020-01-23 15:59:48.186 DEBUG content 57846 _a-0000e3b5-2b49-8000-9ba4-011c48011c48_683095 Processing reference: ContentRole[name=administrators,inherit=true,allowForAll=false]
2020-01-23 15:59:48.186 DEBUG content 57846 _a-0000e3b5-2b49-8000-9ba4-011c48011c48_683095 Processing reference: ContentRole[name=denyReaders,inherit=false,allowForAll=false]
2020-01-23 15:59:48.186 DEBUG content 57846 _a-0000e3b5-2b49-8000-9ba4-011c48011c48_683095 Processing reference: ContentRole[name=denyAuthors,inherit=false,allowForAll=false]
2020-01-23 15:59:48.186 DEBUG content 57846 _a-0000e3b5-2b49-8000-9ba4-011c48011c48_683095 Processing reference: ContentRole[name=denyAdministrators,inherit=false,allowForAll=false]
2020-01-23 15:59:48.186 DEBUG content 57846 _a-0000e3b5-2b49-8000-9ba4-011c48011c48_683095 Completing produce.
2020-01-23 15:59:48.186 DEBUG content 57846 _a-0000e3b5-2b49-8000-9ba4-011c48011c48_683095 Exporting binary resources.
2020-01-23 15:59:48.186 DEBUG content 57846 _a-0000e3b5-2b49-8000-9ba4-011c48011c48_683095 Serializing object to XML.
2020-01-23 15:59:48.191 DEBUG content 57846 _a-0000e3b5-2b49-8000-9ba4-011c48011c48_683095 Object transported.
